<?xml version="1.0" encoding="UTF-8"?>
<<<<<<< HEAD
<<<<<<< HEAD
<testng-results skipped="0" failed="1" total="2" passed="1">
=======
<testng-results skipped="1" failed="0" total="1" passed="0">
>>>>>>> refs/remotes/origin/master
=======
<testng-results skipped="1" failed="0" total="1" passed="0">
>>>>>>> refs/remotes/origin/master
  <reporter-output>
  </reporter-output>
<<<<<<< HEAD
<<<<<<< HEAD
  <suite name="Default suite" duration-ms="140690" started-at="2016-04-06T18:26:55Z" finished-at="2016-04-06T18:29:16Z">
=======
  <suite name="Default suite" duration-ms="12265" started-at="2016-03-01T20:39:46Z" finished-at="2016-03-01T20:39:59Z">
>>>>>>> refs/remotes/origin/master
=======
  <suite name="Default suite" duration-ms="12265" started-at="2016-03-01T20:39:46Z" finished-at="2016-03-01T20:39:59Z">
>>>>>>> refs/remotes/origin/master
    <groups>
    </groups>
<<<<<<< HEAD
<<<<<<< HEAD
    <test name="Default test" duration-ms="140690" started-at="2016-04-06T18:26:55Z" finished-at="2016-04-06T18:29:16Z">
      <class name="tests.TestSignUpPage">
        <test-method status="PASS" signature="beforeTest()[pri:0, instance:tests.TestSignUpPage@6c661428]" name="beforeTest" is-config="true" duration-ms="121299" started-at="2016-04-06T11:26:55Z" finished-at="2016-04-06T11:28:56Z">
=======
=======
>>>>>>> refs/remotes/origin/master
    <test name="Default test" duration-ms="12265" started-at="2016-03-01T20:39:46Z" finished-at="2016-03-01T20:39:59Z">
      <class name="tests.TestLoginPage">
        <test-method status="PASS" signature="beforeTest()[pri:0, instance:tests.TestLoginPage@592ed60d]" name="beforeTest" is-config="true" duration-ms="11230" started-at="2016-03-01T12:39:46Z" finished-at="2016-03-01T12:39:58Z">
<<<<<<< HEAD
>>>>>>> refs/remotes/origin/master
=======
>>>>>>> refs/remotes/origin/master
          <reporter-output>
          </reporter-output>
        </test-method> <!-- beforeTest -->
<<<<<<< HEAD
<<<<<<< HEAD
        <test-method status="PASS" signature="userNameAvailability()[pri:0, instance:tests.TestSignUpPage@6c661428]" name="userNameAvailability" duration-ms="10655" started-at="2016-04-06T11:28:56Z" finished-at="2016-04-06T11:29:07Z">
          <reporter-output>
          </reporter-output>
        </test-method> <!-- userNameAvailability -->
        <test-method status="FAIL" signature="testregistration()[pri:0, instance:tests.TestSignUpPage@6c661428]" name="testregistration" duration-ms="8637" started-at="2016-04-06T11:29:07Z" depends-on-methods="tests.TestSignUpPage.userNameAvailability" finished-at="2016-04-06T11:29:16Z">
          <exception class="org.openqa.selenium.NoSuchElementException">
            <message>
              <![CDATA[Cannot locate element with text: Ghaziabad
For documentation on this error, please visit: http://seleniumhq.org/exceptions/no_such_element.html
Build info: version: '2.52.0', revision: '4c2593c', time: '2016-02-11 19:03:33'
System info: host: 'Prashant-PC', ip: '192.168.1.29', os.name: 'Windows 7', os.arch: 'amd64', os.version: '6.1', java.version: '1.7.0_45'
Driver info: driver.version: unknown]]>
=======
        <test-method status="SKIP" signature="loginTest(java.lang.String, java.lang.String)[pri:0, instance:tests.TestLoginPage@592ed60d]" name="loginTest" duration-ms="0" started-at="2016-03-01T12:39:58Z" data-provider="dp" finished-at="2016-03-01T12:39:58Z">
          <exception class="java.lang.RuntimeException">
            <message>
              <![CDATA[java.lang.ArrayIndexOutOfBoundsException: 1]]>
>>>>>>> refs/remotes/origin/master
=======
        <test-method status="SKIP" signature="loginTest(java.lang.String, java.lang.String)[pri:0, instance:tests.TestLoginPage@592ed60d]" name="loginTest" duration-ms="0" started-at="2016-03-01T12:39:58Z" data-provider="dp" finished-at="2016-03-01T12:39:58Z">
          <exception class="java.lang.RuntimeException">
            <message>
              <![CDATA[java.lang.ArrayIndexOutOfBoundsException: 1]]>
>>>>>>> refs/remotes/origin/master
            </message>
            <full-stacktrace>
<<<<<<< HEAD
<<<<<<< HEAD
              <![CDATA[org.openqa.selenium.NoSuchElementException: Cannot locate element with text: Ghaziabad
For documentation on this error, please visit: http://seleniumhq.org/exceptions/no_such_element.html
Build info: version: '2.52.0', revision: '4c2593c', time: '2016-02-11 19:03:33'
System info: host: 'Prashant-PC', ip: '192.168.1.29', os.name: 'Windows 7', os.arch: 'amd64', os.version: '6.1', java.version: '1.7.0_45'
Driver info: driver.version: unknown
	at org.openqa.selenium.support.ui.Select.selectByVisibleText(Select.java:150)
	at pages.SignUpPage.selectdropdown(SignUpPage.java:52)
	at pages.SignUpPage.enterSignUpDetails(SignUpPage.java:101)
	at tests.TestSignUpPage.testregistration(TestSignUpPage.java:31)
	at sun.reflect.NativeMethodAccessorImpl.invoke0(Native Method)
	at sun.reflect.NativeMethodAccessorImpl.invoke(NativeMethodAccessorImpl.java:57)
	at sun.reflect.DelegatingMethodAccessorImpl.invoke(DelegatingMethodAccessorImpl.java:43)
	at java.lang.reflect.Method.invoke(Method.java:606)
	at org.testng.internal.MethodInvocationHelper.invokeMethod(MethodInvocationHelper.java:85)
	at org.testng.internal.Invoker.invokeMethod(Invoker.java:639)
	at org.testng.internal.Invoker.invokeTestMethod(Invoker.java:816)
	at org.testng.internal.Invoker.invokeTestMethods(Invoker.java:1124)
=======
              <![CDATA[java.lang.RuntimeException: java.lang.ArrayIndexOutOfBoundsException: 1
	at org.testng.internal.MethodInvocationHelper.invokeDataProvider(MethodInvocationHelper.java:162)
	at org.testng.internal.Parameters.handleParameters(Parameters.java:430)
	at org.testng.internal.Invoker.handleParameters(Invoker.java:1270)
	at org.testng.internal.Invoker.createParameters(Invoker.java:985)
	at org.testng.internal.Invoker.invokeTestMethods(Invoker.java:1075)
>>>>>>> refs/remotes/origin/master
=======
              <![CDATA[java.lang.RuntimeException: java.lang.ArrayIndexOutOfBoundsException: 1
	at org.testng.internal.MethodInvocationHelper.invokeDataProvider(MethodInvocationHelper.java:162)
	at org.testng.internal.Parameters.handleParameters(Parameters.java:430)
	at org.testng.internal.Invoker.handleParameters(Invoker.java:1270)
	at org.testng.internal.Invoker.createParameters(Invoker.java:985)
	at org.testng.internal.Invoker.invokeTestMethods(Invoker.java:1075)
>>>>>>> refs/remotes/origin/master
	at org.testng.internal.TestMethodWorker.invokeTestMethods(TestMethodWorker.java:125)
	at org.testng.internal.TestMethodWorker.run(TestMethodWorker.java:108)
	at org.testng.TestRunner.privateRun(TestRunner.java:774)
	at org.testng.TestRunner.run(TestRunner.java:624)
	at org.testng.SuiteRunner.runTest(SuiteRunner.java:359)
	at org.testng.SuiteRunner.runSequentially(SuiteRunner.java:354)
	at org.testng.SuiteRunner.privateRun(SuiteRunner.java:312)
	at org.testng.SuiteRunner.run(SuiteRunner.java:261)
	at org.testng.SuiteRunnerWorker.runSuite(SuiteRunnerWorker.java:52)
	at org.testng.SuiteRunnerWorker.run(SuiteRunnerWorker.java:86)
	at org.testng.TestNG.runSuitesSequentially(TestNG.java:1215)
	at org.testng.TestNG.runSuitesLocally(TestNG.java:1140)
	at org.testng.TestNG.run(TestNG.java:1048)
	at org.testng.remote.RemoteTestNG.run(RemoteTestNG.java:112)
	at org.testng.remote.RemoteTestNG.initAndRun(RemoteTestNG.java:205)
	at org.testng.remote.RemoteTestNG.main(RemoteTestNG.java:176)
<<<<<<< HEAD
<<<<<<< HEAD
]]>
            </full-stacktrace>
          </exception> <!-- org.openqa.selenium.NoSuchElementException -->
          <reporter-output>
          </reporter-output>
        </test-method> <!-- testregistration -->
      </class> <!-- tests.TestSignUpPage -->
=======
=======
>>>>>>> refs/remotes/origin/master
Caused by: java.lang.ArrayIndexOutOfBoundsException: 1
	at tests.TestLoginPage.dp(TestLoginPage.java:37)
	at sun.reflect.NativeMethodAccessorImpl.invoke0(Native Method)
	at sun.reflect.NativeMethodAccessorImpl.invoke(NativeMethodAccessorImpl.java:57)
	at sun.reflect.DelegatingMethodAccessorImpl.invoke(DelegatingMethodAccessorImpl.java:43)
	at java.lang.reflect.Method.invoke(Method.java:606)
	at org.testng.internal.MethodInvocationHelper.invokeMethod(MethodInvocationHelper.java:85)
	at org.testng.internal.MethodInvocationHelper.invokeDataProvider(MethodInvocationHelper.java:136)
	... 20 more
]]>
            </full-stacktrace>
          </exception> <!-- java.lang.RuntimeException -->
          <reporter-output>
          </reporter-output>
        </test-method> <!-- loginTest -->
        <test-method status="FAIL" signature="afterTest()[pri:0, instance:tests.TestLoginPage@592ed60d]" name="afterTest" is-config="true" duration-ms="0" started-at="2016-03-01T12:39:58Z" finished-at="2016-03-01T12:39:58Z">
          <exception class="java.lang.RuntimeException">
            <message>
              <![CDATA[Process refused to die after 10 seconds, and couldn't taskkill it: Unable to find executable for: taskkill]]>
            </message>
            <full-stacktrace>
              <![CDATA[java.lang.RuntimeException: Process refused to die after 10 seconds, and couldn't taskkill it: Unable to find executable for: taskkill
	at org.openqa.selenium.os.ProcessUtils.killWinProcess(ProcessUtils.java:142)
	at org.openqa.selenium.os.ProcessUtils.killProcess(ProcessUtils.java:81)
	at org.openqa.selenium.os.UnixProcess$SeleniumWatchDog.destroyHarder(UnixProcess.java:247)
	at org.openqa.selenium.os.UnixProcess$SeleniumWatchDog.access$2(UnixProcess.java:246)
	at org.openqa.selenium.os.UnixProcess.destroy(UnixProcess.java:125)
	at org.openqa.selenium.os.CommandLine.destroy(CommandLine.java:155)
	at org.openqa.selenium.firefox.FirefoxBinary.quit(FirefoxBinary.java:246)
	at org.openqa.selenium.firefox.internal.NewProfileExtensionConnection.quit(NewProfileExtensionConnection.java:194)
	at org.openqa.selenium.firefox.FirefoxDriver$LazyCommandExecutor.quit(FirefoxDriver.java:364)
	at org.openqa.selenium.firefox.FirefoxDriver.stopClient(FirefoxDriver.java:310)
	at org.openqa.selenium.remote.RemoteWebDriver.quit(RemoteWebDriver.java:529)
	at tests.TestLoginPage.afterTest(TestLoginPage.java:51)
	at sun.reflect.NativeMethodAccessorImpl.invoke0(Native Method)
	at sun.reflect.NativeMethodAccessorImpl.invoke(NativeMethodAccessorImpl.java:57)
	at sun.reflect.DelegatingMethodAccessorImpl.invoke(DelegatingMethodAccessorImpl.java:43)
	at java.lang.reflect.Method.invoke(Method.java:606)
	at org.testng.internal.MethodInvocationHelper.invokeMethod(MethodInvocationHelper.java:85)
	at org.testng.internal.Invoker.invokeConfigurationMethod(Invoker.java:510)
	at org.testng.internal.Invoker.invokeConfigurations(Invoker.java:211)
	at org.testng.internal.Invoker.invokeConfigurations(Invoker.java:138)
	at org.testng.TestRunner.afterRun(TestRunner.java:1023)
	at org.testng.TestRunner.run(TestRunner.java:628)
	at org.testng.SuiteRunner.runTest(SuiteRunner.java:359)
	at org.testng.SuiteRunner.runSequentially(SuiteRunner.java:354)
	at org.testng.SuiteRunner.privateRun(SuiteRunner.java:312)
	at org.testng.SuiteRunner.run(SuiteRunner.java:261)
	at org.testng.SuiteRunnerWorker.runSuite(SuiteRunnerWorker.java:52)
	at org.testng.SuiteRunnerWorker.run(SuiteRunnerWorker.java:86)
	at org.testng.TestNG.runSuitesSequentially(TestNG.java:1215)
	at org.testng.TestNG.runSuitesLocally(TestNG.java:1140)
	at org.testng.TestNG.run(TestNG.java:1048)
	at org.testng.remote.RemoteTestNG.run(RemoteTestNG.java:112)
	at org.testng.remote.RemoteTestNG.initAndRun(RemoteTestNG.java:205)
	at org.testng.remote.RemoteTestNG.main(RemoteTestNG.java:176)
Caused by: java.lang.NullPointerException: Unable to find executable for: taskkill
	at com.google.common.base.Preconditions.checkNotNull(Preconditions.java:251)
	at org.openqa.selenium.os.UnixProcess.<init>(UnixProcess.java:62)
	at org.openqa.selenium.os.CommandLine.<init>(CommandLine.java:38)
	at org.openqa.selenium.os.WindowsUtils.killPID(WindowsUtils.java:178)
	at org.openqa.selenium.os.ProcessUtils.killWinProcess(ProcessUtils.java:138)
	... 33 more
]]>
            </full-stacktrace>
          </exception> <!-- java.lang.RuntimeException -->
          <reporter-output>
          </reporter-output>
        </test-method> <!-- afterTest -->
      </class> <!-- tests.TestLoginPage -->
>>>>>>> refs/remotes/origin/master
    </test> <!-- Default test -->
  </suite> <!-- Default suite -->
</testng-results>
